20:35:03 **** Rebuild of configuration Debug for project C++ ****
Info: Internal Builder is used for build
g++ -O0 -g3 -Wall -c -fmessage-length=0 -o ejercicio01.o "..\\ejercicio01.cc" 
g++ -o C++.exe ejercicio01.o 
c:/mingw/bin/../lib/gcc/mingw32/6.3.0/../../../libmingw32.a(main.o):(.text.startup+0xa0): undefined reference to `WinMain@16'
collect2.exe: error: ld returned 1 exit status
20:35:48 **** Incremental Build of configuration Debug for project C++ ****
Info: Internal Builder is used for build
g++ -o C++.exe ejercicio01.o 
c:/mingw/bin/../lib/gcc/mingw32/6.3.0/../../../libmingw32.a(main.o):(.text.startup+0xa0): undefined reference to `WinMain@16'
collect2.exe: error: ld returned 1 exit status
20:52:12 **** Incremental Build of configuration Debug for project C++ ****
Info: Internal Builder is used for build
g++ -O0 -g3 -Wall -c -fmessage-length=0 -o main.o "..\\main.cpp" 
g++ -o C++.exe ejercicio01.o main.o 
c:/mingw/bin/../lib/gcc/mingw32/6.3.0/../../../libmingw32.a(main.o):(.text.startup+0xa0): undefined reference to `WinMain@16'
collect2.exe: error: ld returned 1 exit status
20:53:01 **** Incremental Build of configuration Debug for project C++ ****
Info: Internal Builder is used for build
g++ -o C++.exe ejercicio01.o main.o 
c:/mingw/bin/../lib/gcc/mingw32/6.3.0/../../../libmingw32.a(main.o):(.text.startup+0xa0): undefined reference to `WinMain@16'
collect2.exe: error: ld returned 1 exit status
20:55:24 **** Incremental Build of configuration Debug for project C++ ****
Info: Internal Builder is used for build
g++ -O0 -g3 -Wall -c -fmessage-length=0 -o ejercicio01.o "..\\ejercicio01.cc" 
g++ -O0 -g3 -Wall -c -fmessage-length=0 -o main.o "..\\main.cpp" 
g++ -o C++.exe ejercicio01.o main.o 
main.o: In function `main':
C:\Users\Alejandro\eclipse-workspace\C++\Debug/../main.cpp:11: multiple definition of `main'
ejercicio01.o:C:\Users\Alejandro\eclipse-workspace\C++\Debug/../ejercicio01.cc:11: first defined here
collect2.exe: error: ld returned 1 exit status
20:55:27 **** Incremental Build of configuration Debug for project C++ ****
Info: Internal Builder is used for build
g++ -o C++.exe ejercicio01.o main.o 
main.o: In function `main':
C:\Users\Alejandro\eclipse-workspace\C++\Debug/../main.cpp:11: multiple definition of `main'
ejercicio01.o:C:\Users\Alejandro\eclipse-workspace\C++\Debug/../ejercicio01.cc:11: first defined here
collect2.exe: error: ld returned 1 exit status
20:55:28 **** Incremental Build of configuration Debug for project C++ ****
Info: Internal Builder is used for build
g++ -o C++.exe ejercicio01.o main.o 
main.o: In function `main':
C:\Users\Alejandro\eclipse-workspace\C++\Debug/../main.cpp:11: multiple definition of `main'
ejercicio01.o:C:\Users\Alejandro\eclipse-workspace\C++\Debug/../ejercicio01.cc:11: first defined here
collect2.exe: error: ld returned 1 exit status
